
📚 一次資料ベース教材生成 v2 開始
   42試験, 812トピック

   利用可能な法令データ: 42法令

  📜 司法試験予備試験 > 憲法 > 人権 [law]
  📜 司法試験予備試験 > 憲法 > 統治機構 [law]
  📜 司法試験予備試験 > 憲法 > 違憲審査基準 [law]
  📜 司法試験予備試験 > 憲法 > 判例 [law]
  📜 司法試験予備試験 > 民法 > 総則 [law]
  📜 司法試験予備試験 > 民法 > 物権 [law]
  📜 司法試験予備試験 > 民法 > 債権 [law]
  📜 司法試験予備試験 > 民法 > 親族・相続 [law]
  📜 司法試験予備試験 > 刑法 > 総論 [law]
  📜 司法試験予備試験 > 刑法 > 各論 [law]
  📜 司法試験予備試験 > 刑法 > 構成要件 [law]
  📜 司法試験予備試験 > 刑法 > 違法性・責任 [law]
  📜 司法試験予備試験 > 商法 > 会社法 [law]
  📜 司法試験予備試験 > 商法 > 商行為 [law]
  📜 司法試験予備試験 > 商法 > 手形・小切手 [law]
  📜 司法試験予備試験 > 民事訴訟法 > 訴訟要件 [law]
  📜 司法試験予備試験 > 民事訴訟法 > 証拠 [law]
  📜 司法試験予備試験 > 民事訴訟法 > 判決効 [law]
  📜 司法試験予備試験 > 刑事訴訟法 > 捜査 [law]
  📜 司法試験予備試験 > 刑事訴訟法 > 公訴 [law]
  📜 司法試験予備試験 > 刑事訴訟法 > 証拠法 [law]
  📜 司法試験予備試験 > 行政法 > 行政行為 [law]
  📜 司法試験予備試験 > 行政法 > 行政救済 [law]
  📜 司法試験予備試験 > 行政法 > 行政組織 [law]
  📜 司法試験予備試験 > 一般教養 > 人文科学 [law]
  📜 司法試験予備試験 > 一般教養 > 社会科学 [law]
  📜 司法試験予備試験 > 一般教養 > 自然科学 [law]
  📜 司法試験 > 憲法 > 人権 [law]
  📜 司法試験 > 憲法 > 統治機構 [law]
  📜 司法試験 > 憲法 > 違憲審査基準 [law]
  📜 司法試験 > 民法 > 総則 [law]
  📜 司法試験 > 民法 > 物権 [law]
  📜 司法試験 > 民法 > 債権 [law]
  📜 司法試験 > 民法 > 親族・相続 [law]
  📜 司法試験 > 刑法 > 総論 [law]
  📜 司法試験 > 刑法 > 各論 [law]
  📜 司法試験 > 商法 > 会社法 [law]
  📜 司法試験 > 商法 > 商行為 [law]
  📜 司法試験 > 民事訴訟法 > 訴訟要件 [law]
  📜 司法試験 > 民事訴訟法 > 証拠 [law]
  📜 司法試験 > 民事訴訟法 > 判決効 [law]
  📜 司法試験 > 刑事訴訟法 > 捜査 [law]
  📜 司法試験 > 刑事訴訟法 > 公訴 [law]
  📜 司法試験 > 刑事訴訟法 > 証拠法 [law]
  📜 司法試験 > 行政法 > 行政行為 [law]
  📜 司法試験 > 行政法 > 行政救済 [law]
  📜 司法試験 > 選択科目 > 倒産法 [law]
  📜 司法試験 > 選択科目 > 租税法 [law]
  📜 司法試験 > 選択科目 > 経済法 [law]
  📜 司法試験 > 選択科目 > 知財法 [law]
  📜 司法試験 > 選択科目 > 労働法 [law]
  📜 司法試験 > 選択科目 > 環境法 [law]
  📜 司法試験 > 選択科目 > 国際関係法 [law]
  📝 中小企業診断士 > 経済学・経済政策 > ミクロ経済 [出題範囲ベース]
  📝 中小企業診断士 > 経済学・経済政策 > マクロ経済 [出題範囲ベース]
  📝 中小企業診断士 > 経済学・経済政策 > 経済政策 [出題範囲ベース]
  📝 中小企業診断士 > 財務・会計 > 簿記 [出題範囲ベース]
  📝 中小企業診断士 > 財務・会計 > 財務分析 [出題範囲ベース]
  📝 中小企業診断士 > 財務・会計 > 投資評価 [出題範囲ベース]
  📝 中小企業診断士 > 財務・会計 > 企業価値 [出題範囲ベース]
  📝 中小企業診断士 > 企業経営理論 > 経営戦略 [出題範囲ベース]
  📝 中小企業診断士 > 企業経営理論 > 組織論 [出題範囲ベース]
  📝 中小企業診断士 > 企業経営理論 > マーケティング [出題範囲ベース]
  📝 中小企業診断士 > 運営管理 > 生産管理 [出題範囲ベース]
  📝 中小企業診断士 > 運営管理 > 店舗管理 [出題範囲ベース]
  📝 中小企業診断士 > 運営管理 > 物流 [出題範囲ベース]
  📝 中小企業診断士 > 経営法務 > 会社法 [出題範囲ベース]
  📝 中小企業診断士 > 経営法務 > 知的財産 [出題範囲ベース]
  📝 中小企業診断士 > 経営法務 > 契約 [出題範囲ベース]
  📝 中小企業診断士 > 経営情報システム > IT基礎 [出題範囲ベース]
  📝 中小企業診断士 > 経営情報システム > システム開発 [出題範囲ベース]
  📝 中小企業診断士 > 経営情報システム > 情報セキュリティ [出題範囲ベース]
  📝 中小企業診断士 > 中小企業経営・政策 > 中小企業白書 [出題範囲ベース]
  📝 中小企業診断士 > 中小企業経営・政策 > 政策 [出題範囲ベース]
  📝 中小企業診断士 > 中小企業経営・政策 > 支援制度 [出題範囲ベース]
  📝 中小企業診断士 > 2次試験（事例I〜IV） > 組織・人事 [出題範囲ベース]
  📝 中小企業診断士 > 2次試験（事例I〜IV） > マーケティング [出題範囲ベース]
  📝 中小企業診断士 > 2次試験（事例I〜IV） > 生産・技術 [出題範囲ベース]
  📝 中小企業診断士 > 2次試験（事例I〜IV） > 財務・会計 [出題範囲ベース]
  📜 公認会計士 > 簿記 > 商業簿記 [law]
  📜 公認会計士 > 簿記 > 工業簿記 [law]
  📜 公認会計士 > 簿記 > 連結会計 [law]
  📜 公認会計士 > 財務会計論 > 会計基準 [law]
  📜 公認会計士 > 財務会計論 > 財務諸表 [law]
  📜 公認会計士 > 財務会計論 > 開示制度 [law]
  📜 公認会計士 > 管理会計論 > 原価計算 [law]
  📜 公認会計士 > 管理会計論 > 意思決定 [law]
  📜 公認会計士 > 管理会計論 > 業績管理 [law]
  📜 公認会計士 > 監査論 > 監査基準 [law]
  📜 公認会計士 > 監査論 > 内部統制 [law]
  📜 公認会計士 > 監査論 > 監査手続 [law]
  📜 公認会計士 > 企業法 > 会社法 [law]
  📜 公認会計士 > 企業法 > 金融商品取引法 [law]
  📜 公認会計士 > 租税法 > 法人税 [law]
  📜 公認会計士 > 租税法 > 所得税 [law]
  📜 公認会計士 > 租税法 > 消費税 [law]
  📜 公認会計士 > 選択科目 > 経営学 [law]
  📜 公認会計士 > 選択科目 > 経済学 [law]
  📜 公認会計士 > 選択科目 > 民法 [law]
  📜 公認会計士 > 選択科目 > 統計学 [law]
  📜 宅地建物取引士 > 権利関係（民法等） > 意思表示 [law]
  📜 宅地建物取引士 > 権利関係（民法等） > 代理 [law]
  📜 宅地建物取引士 > 権利関係（民法等） > 物権変動 [law]
  📜 宅地建物取引士 > 権利関係（民法等） > 抵当権 [law]
  📜 宅地建物取引士 > 権利関係（民法等） > 賃貸借 [law]
  📜 宅地建物取引士 > 権利関係（民法等） > 相続 [law]
  📜 宅地建物取引士 > 法令上の制限 > 都市計画法 [law]
  📜 宅地建物取引士 > 法令上の制限 > 建築基準法 [law]
  📜 宅地建物取引士 > 法令上の制限 > 国土利用計画法 [law]
  📜 宅地建物取引士 > 法令上の制限 > 農地法 [law]
  📜 宅地建物取引士 > 宅建業法 > 免許 [law]
  📜 宅地建物取引士 > 宅建業法 > 営業保証金 [law]
  📜 宅地建物取引士 > 宅建業法 > 重要事項説明 [law]
  📜 宅地建物取引士 > 宅建業法 > 37条書面 [law]
  📜 宅地建物取引士 > 宅建業法 > 8種制限 [law]
  📜 宅地建物取引士 > 税・その他 > 不動産取得税 [law]
  📜 宅地建物取引士 > 税・その他 > 固定資産税 [law]
  📜 宅地建物取引士 > 税・その他 > 譲渡所得税 [law]
  📜 宅地建物取引士 > 税・その他 > 統計 [law]
  📜 宅地建物取引士 > 税・その他 > 土地・建物 [law]
  📜 行政書士 > 基礎法学 > 法の概念 [law]
  📜 行政書士 > 基礎法学 > 法体系 [law]
  📜 行政書士 > 基礎法学 > 法解釈 [law]
  📜 行政書士 > 憲法 > 人権 [law]
  📜 行政書士 > 憲法 > 統治 [law]
  📜 行政書士 > 憲法 > 判例 [law]
  📜 行政書士 > 行政法 > 行政手続法 [law]
  📜 行政書士 > 行政法 > 行政不服審査法 [law]
  📜 行政書士 > 行政法 > 行政事件訴訟法 [law]
  📜 行政書士 > 行政法 > 国家賠償法 [law]
  📜 行政書士 > 行政法 > 地方自治法 [law]
  📜 行政書士 > 民法 > 総則 [law]
  📜 行政書士 > 民法 > 物権 [law]
  📜 行政書士 > 民法 > 債権 [law]
  📜 行政書士 > 民法 > 親族・相続 [law]
  📜 行政書士 > 商法・会社法 > 商法総則 [law]
  📜 行政書士 > 商法・会社法 > 会社法 [law]
  📜 行政書士 > 一般知識 > 政治・経済・社会 [law]
  📜 行政書士 > 一般知識 > 情報通信 [law]
  📜 行政書士 > 一般知識 > 文章理解 [law]
  📜 社会保険労務士 > 労働基準法 > 労働時間 [law]
  📜 社会保険労務士 > 労働基準法 > 賃金 [law]
  📜 社会保険労務士 > 労働基準法 > 解雇 [law]
  📜 社会保険労務士 > 労働基準法 > 就業規則 [law]
  📜 社会保険労務士 > 労働安全衛生法 > 安全管理 [law]
  📜 社会保険労務士 > 労働安全衛生法 > 健康診断 [law]
  📜 社会保険労務士 > 労働安全衛生法 > ストレスチェック [law]
  📜 社会保険労務士 > 労災保険法 > 業務災害 [law]
  📜 社会保険労務士 > 労災保険法 > 通勤災害 [law]
  📜 社会保険労務士 > 労災保険法 > 給付 [law]
  📜 社会保険労務士 > 雇用保険法 > 失業等給付 [law]
  📜 社会保険労務士 > 雇用保険法 > 育児・介護 [law]
  📜 社会保険労務士 > 雇用保険法 > 教育訓練 [law]
  📜 社会保険労務士 > 健康保険法 > 被保険者 [law]
  📜 社会保険労務士 > 健康保険法 > 給付 [law]
  📜 社会保険労務士 > 健康保険法 > 保険料 [law]
  📜 社会保険労務士 > 国民年金法 > 被保険者 [law]
  📜 社会保険労務士 > 国民年金法 > 老齢基礎年金 [law]
  📜 社会保険労務士 > 国民年金法 > 障害・遺族 [law]
  📜 社会保険労務士 > 厚生年金保険法 > 被保険者 [law]
  📜 社会保険労務士 > 厚生年金保険法 > 老齢厚生年金 [law]
  📜 社会保険労務士 > 厚生年金保険法 > 在職老齢 [law]
  📜 社会保険労務士 > 一般常識 > 労務管理 [law]
  📜 社会保険労務士 > 一般常識 > 社会保険 [law]
  📜 社会保険労務士 > 一般常識 > 統計 [law]
  📜 FP2級（ファイナンシャルプランナー） > ライフプランニング > 社会保険 [law]
  📜 FP2級（ファイナンシャルプランナー） > ライフプランニング > 年金 [law]
  📜 FP2級（ファイナンシャルプランナー） > ライフプランニング > 住宅ローン [law]
  📜 FP2級（ファイナンシャルプランナー） > ライフプランニング > 教育資金 [law]
  📜 FP2級（ファイナンシャルプランナー） > リスク管理 > 生命保険 [law]
  📜 FP2級（ファイナンシャルプランナー） > リスク管理 > 損害保険 [law]
  📜 FP2級（ファイナンシャルプランナー） > リスク管理 > 第三分野 [law]
  📜 FP2級（ファイナンシャルプランナー） > 金融資産運用 > 株式 [law]
  📜 FP2級（ファイナンシャルプランナー） > 金融資産運用 > 債券 [law]
  📜 FP2級（ファイナンシャルプランナー） > 金融資産運用 > 投資信託 [law]
  📜 FP2級（ファイナンシャルプランナー） > 金融資産運用 > ポートフォリオ [law]
  📜 FP2級（ファイナンシャルプランナー） > タックスプランニング > 所得税 [law]
  📜 FP2級（ファイナンシャルプランナー） > タックスプランニング > 住民税 [law]
  📜 FP2級（ファイナンシャルプランナー） > タックスプランニング > 法人税 [law]
  📜 FP2級（ファイナンシャルプランナー） > タックスプランニング > 消費税 [law]
  📜 FP2級（ファイナンシャルプランナー） > 不動産 > 取引 [law]
  📜 FP2級（ファイナンシャルプランナー） > 不動産 > 法令 [law]
  📜 FP2級（ファイナンシャルプランナー） > 不動産 > 税金 [law]
  📜 FP2級（ファイナンシャルプランナー） > 不動産 > 有効活用 [law]
  📜 FP2級（ファイナンシャルプランナー） > 相続・事業承継 > 相続税 [law]
  📜 FP2級（ファイナンシャルプランナー） > 相続・事業承継 > 贈与税 [law]
  📜 FP2級（ファイナンシャルプランナー） > 相続・事業承継 > 事業承継 [law]
  📜 FP2級（ファイナンシャルプランナー） > 相続・事業承継 > 財産評価 [law]
  📜 公務員試験（国家一般・地方上級） > 数的処理 > 数的推理 [law]
  📜 公務員試験（国家一般・地方上級） > 数的処理 > 判断推理 [law]
  📜 公務員試験（国家一般・地方上級） > 数的処理 > 空間把握 [law]
  📜 公務員試験（国家一般・地方上級） > 数的処理 > 資料解釈 [law]
  📜 公務員試験（国家一般・地方上級） > 文章理解 > 現代文 [law]
  📜 公務員試験（国家一般・地方上級） > 文章理解 > 英文 [law]
  📜 公務員試験（国家一般・地方上級） > 文章理解 > 古文 [law]
  📜 公務員試験（国家一般・地方上級） > 社会科学 > 政治 [law]
  📜 公務員試験（国家一般・地方上級） > 社会科学 > 経済 [law]
  📜 公務員試験（国家一般・地方上級） > 社会科学 > 法律 [law]
  📜 公務員試験（国家一般・地方上級） > 社会科学 > 社会 [law]
  📜 公務員試験（国家一般・地方上級） > 人文科学 > 日本史 [law]
  📜 公務員試験（国家一般・地方上級） > 人文科学 > 世界史 [law]
  📜 公務員試験（国家一般・地方上級） > 人文科学 > 地理 [law]
  📜 公務員試験（国家一般・地方上級） > 人文科学 > 思想 [law]
  📜 公務員試験（国家一般・地方上級） > 自然科学 > 数学 [law]
  📜 公務員試験（国家一般・地方上級） > 自然科学 > 物理 [law]
  📜 公務員試験（国家一般・地方上級） > 自然科学 > 化学 [law]
  📜 公務員試験（国家一般・地方上級） > 自然科学 > 生物 [law]
  📜 公務員試験（国家一般・地方上級） > 自然科学 > 地学 [law]
  📜 公務員試験（国家一般・地方上級） > 専門科目 > 憲法 [law]
  📜 公務員試験（国家一般・地方上級） > 専門科目 > 民法 [law]
  📜 公務員試験（国家一般・地方上級） > 専門科目 > 行政法 [law]
  📜 公務員試験（国家一般・地方上級） > 専門科目 > 経済学 [law]
  📜 公務員試験（国家一般・地方上級） > 専門科目 > 政治学 [law]
  📜 公務員試験（国家一般・地方上級） > 論文試験 > 政策論文 [law]
  📜 公務員試験（国家一般・地方上級） > 論文試験 > 小論文 [law]
  📝 医師国家試験 > 内科学 > 循環器 [出題範囲ベース]
  📝 医師国家試験 > 内科学 > 消化器 [出題範囲ベース]
  📝 医師国家試験 > 内科学 > 呼吸器 [出題範囲ベース]
  📝 医師国家試験 > 内科学 > 内分泌 [出題範囲ベース]
  📝 医師国家試験 > 内科学 > 腎臓 [出題範囲ベース]
  📝 医師国家試験 > 内科学 > 血液 [出題範囲ベース]
  📝 医師国家試験 > 内科学 > 神経 [出題範囲ベース]
  📝 医師国家試験 > 外科学 > 消化器外科 [出題範囲ベース]
  📝 医師国家試験 > 外科学 > 心臓血管外科 [出題範囲ベース]
  📝 医師国家試験 > 外科学 > 脳神経外科 [出題範囲ベース]
  📝 医師国家試験 > 産婦人科 > 周産期 [出題範囲ベース]
  📝 医師国家試験 > 産婦人科 > 婦人科腫瘍 [出題範囲ベース]
  📝 医師国家試験 > 産婦人科 > 生殖医療 [出題範囲ベース]
  📝 医師国家試験 > 小児科 > 新生児 [出題範囲ベース]
  📝 医師国家試験 > 小児科 > 先天異常 [出題範囲ベース]
  📝 医師国家試験 > 小児科 > 感染症 [出題範囲ベース]
  📝 医師国家試験 > 小児科 > 発達 [出題範囲ベース]
  📝 医師国家試験 > 公衆衛生 > 疫学 [出題範囲ベース]
  📝 医師国家試験 > 公衆衛生 > 統計 [出題範囲ベース]
  📝 医師国家試験 > 公衆衛生 > 医療制度 [出題範囲ベース]
  📝 医師国家試験 > 公衆衛生 > 感染症法 [出題範囲ベース]
  📝 医師国家試験 > 一般臨床 > 救急 [出題範囲ベース]
  📝 医師国家試験 > 一般臨床 > 麻酔 [出題範囲ベース]
  📝 医師国家試験 > 一般臨床 > 放射線 [出題範囲ベース]
  📝 医師国家試験 > 一般臨床 > 病理 [出題範囲ベース]
  📝 看護師国家試験 > 基礎看護学 > 看護概論 [出題範囲ベース]
  📝 看護師国家試験 > 基礎看護学 > 基本技術 [出題範囲ベース]
  📝 看護師国家試験 > 基礎看護学 > 看護過程 [出題範囲ベース]
  📝 看護師国家試験 > 成人看護学 > 急性期 [出題範囲ベース]
  📝 看護師国家試験 > 成人看護学 > 慢性期 [出題範囲ベース]
  📝 看護師国家試験 > 成人看護学 > 終末期 [出題範囲ベース]
  📝 看護師国家試験 > 成人看護学 > 周手術期 [出題範囲ベース]
  📝 看護師国家試験 > 老年看護学 > 加齢変化 [出題範囲ベース]
  📝 看護師国家試験 > 老年看護学 > 認知症 [出題範囲ベース]
  📝 看護師国家試験 > 老年看護学 > リハビリ [出題範囲ベース]
  📝 看護師国家試験 > 母性看護学 > 妊娠・分娩・産褥 [出題範囲ベース]
  📝 看護師国家試験 > 母性看護学 > 新生児 [出題範囲ベース]
  📝 看護師国家試験 > 母性看護学 > 女性の健康 [出題範囲ベース]
  📝 看護師国家試験 > 小児看護学 > 成長発達 [出題範囲ベース]
  📝 看護師国家試験 > 小児看護学 > 小児疾患 [出題範囲ベース]
  📝 看護師国家試験 > 小児看護学 > 入院児の看護 [出題範囲ベース]
  📝 看護師国家試験 > 精神看護学 > 精神疾患 [出題範囲ベース]
  📝 看護師国家試験 > 精神看護学 > 治療 [出題範囲ベース]
  📝 看護師国家試験 > 精神看護学 > 社会復帰 [出題範囲ベース]
  📝 看護師国家試験 > 在宅看護論 > 訪問看護 [出題範囲ベース]
  📝 看護師国家試験 > 在宅看護論 > 在宅医療 [出題範囲ベース]
  📝 看護師国家試験 > 在宅看護論 > 地域連携 [出題範囲ベース]
  📝 看護師国家試験 > 健康支援と社会保障 > 公衆衛生 [出題範囲ベース]
  📝 看護師国家試験 > 健康支援と社会保障 > 社会保障 [出題範囲ベース]
  📝 看護師国家試験 > 健康支援と社会保障 > 関係法規 [出題範囲ベース]
  📝 ITパスポート試験 > ストラテジ系 > 企業活動 [出題範囲ベース]
  📝 ITパスポート試験 > ストラテジ系 > 法務 [出題範囲ベース]
  📝 ITパスポート試験 > ストラテジ系 > 経営戦略 [出題範囲ベース]
  📝 ITパスポート試験 > ストラテジ系 > システム戦略 [出題範囲ベース]
  📝 ITパスポート試験 > ストラテジ系 > マーケティング [出題範囲ベース]
  📝 ITパスポート試験 > マネジメント系 > プロジェクトマネジメント [出題範囲ベース]
  📝 ITパスポート試験 > マネジメント系 > サービスマネジメント [出題範囲ベース]
  📝 ITパスポート試験 > マネジメント系 > システム監査 [出題範囲ベース]
  📝 ITパスポート試験 > テクノロジ系 > 基礎理論 [出題範囲ベース]
  📝 ITパスポート試験 > テクノロジ系 > アルゴリズム [出題範囲ベース]
  📝 ITパスポート試験 > テクノロジ系 > コンピュータシステム [出題範囲ベース]
  📝 ITパスポート試験 > テクノロジ系 > 技術要素 [出題範囲ベース]
  📝 ITパスポート試験 > テクノロジ系 > セキュリティ [出題範囲ベース]
  📝 ITパスポート試験 > テクノロジ系 > ネットワーク [出題範囲ベース]
  📝 ITパスポート試験 > テクノロジ系 > データベース [出題範囲ベース]
  📝 基本情報技術者試験 > 基礎理論 > 離散数学 [出題範囲ベース]
  📝 基本情報技術者試験 > 基礎理論 > 応用数学 [出題範囲ベース]
  📝 基本情報技術者試験 > 基礎理論 > アルゴリズム [出題範囲ベース]
  📝 基本情報技術者試験 > 基礎理論 > プログラミング [出題範囲ベース]
  📝 基本情報技術者試験 > 基礎理論 > データ構造 [出題範囲ベース]
  📝 基本情報技術者試験 > コンピュータシステム > プロセッサ [出題範囲ベース]
  📝 基本情報技術者試験 > コンピュータシステム > メモリ [出題範囲ベース]
  📝 基本情報技術者試験 > コンピュータシステム > OS [出題範囲ベース]
  📝 基本情報技術者試験 > コンピュータシステム > ハードウェア [出題範囲ベース]
  📝 基本情報技術者試験 > コンピュータシステム > ソフトウェア [出題範囲ベース]
  📝 基本情報技術者試験 > 技術要素 > データベース [出題範囲ベース]
  📝 基本情報技術者試験 > 技術要素 > ネットワーク [出題範囲ベース]
  📝 基本情報技術者試験 > 技術要素 > セキュリティ [出題範囲ベース]
  📝 基本情報技術者試験 > 技術要素 > マルチメディア [出題範囲ベース]
  📝 基本情報技術者試験 > 開発技術 > システム開発 [出題範囲ベース]
  📝 基本情報技術者試験 > 開発技術 > ソフトウェア開発 [出題範囲ベース]
  📝 基本情報技術者試験 > 開発技術 > テスト手法 [出題範囲ベース]
  📝 基本情報技術者試験 > 開発技術 > 開発プロセス [出題範囲ベース]
  📝 基本情報技術者試験 > マネジメント > プロジェクトマネジメント [出題範囲ベース]
  📝 基本情報技術者試験 > マネジメント > サービスマネジメント [出題範囲ベース]
  📝 基本情報技術者試験 > マネジメント > システム監査 [出題範囲ベース]
  📝 基本情報技術者試験 > ストラテジ > システム戦略 [出題範囲ベース]
  📝 基本情報技術者試験 > ストラテジ > 経営戦略 [出題範囲ベース]
  📝 基本情報技術者試験 > ストラテジ > 企業と法務 [出題範囲ベース]
  📝 基本情報技術者試験 > 科目B（アルゴリズム） > 擬似言語 [出題範囲ベース]
  📝 基本情報技術者試験 > 科目B（アルゴリズム） > トレース [出題範囲ベース]
  📝 基本情報技術者試験 > 科目B（アルゴリズム） > データ構造操作 [出題範囲ベース]
  📝 基本情報技術者試験 > 科目B（アルゴリズム） > セキュリティ実践 [出題範囲ベース]
  📝 日商簿記検定2級 > 商業簿記 > 仕訳 [出題範囲ベース]
  📝 日商簿記検定2級 > 商業簿記 > 決算整理 [出題範囲ベース]
  📝 日商簿記検定2級 > 商業簿記 > 財務諸表作成 [出題範囲ベース]
  📝 日商簿記検定2級 > 商業簿記 > 連結会計 [出題範囲ベース]
  📝 日商簿記検定2級 > 商業簿記 > 税効果会計 [出題範囲ベース]
  📝 日商簿記検定2級 > 商業簿記 > リース会計 [出題範囲ベース]
  📝 日商簿記検定2級 > 商業簿記 > 外貨建取引 [出題範囲ベース]
  📝 日商簿記検定2級 > 工業簿記 > 費目別計算 [出題範囲ベース]
  📝 日商簿記検定2級 > 工業簿記 > 部門別計算 [出題範囲ベース]
  📝 日商簿記検定2級 > 工業簿記 > 個別原価計算 [出題範囲ベース]
  📝 日商簿記検定2級 > 工業簿記 > 総合原価計算 [出題範囲ベース]
  📝 日商簿記検定2級 > 工業簿記 > 標準原価計算 [出題範囲ベース]
  📝 日商簿記検定2級 > 工業簿記 > 直接原価計算 [出題範囲ベース]
  📝 日商簿記検定2級 > 工業簿記 > CVP分析 [出題範囲ベース]
  📝 日商簿記検定3級 > 簿記の基礎 > 仕訳 [出題範囲ベース]
  📝 日商簿記検定3級 > 簿記の基礎 > 勘定記入 [出題範囲ベース]
  📝 日商簿記検定3級 > 簿記の基礎 > 試算表 [出題範囲ベース]
  📝 日商簿記検定3級 > 簿記の基礎 > 精算表 [出題範囲ベース]
  📝 日商簿記検定3級 > 簿記の基礎 > 財務諸表 [出題範囲ベース]
  📝 日商簿記検定3級 > 取引と仕訳 > 現金・預金 [出題範囲ベース]
  📝 日商簿記検定3級 > 取引と仕訳 > 売掛金・買掛金 [出題範囲ベース]
  📝 日商簿記検定3級 > 取引と仕訳 > 手形 [出題範囲ベース]
  📝 日商簿記検定3級 > 取引と仕訳 > 有価証券 [出題範囲ベース]
  📝 日商簿記検定3級 > 取引と仕訳 > 固定資産 [出題範囲ベース]
  📝 日商簿記検定3級 > 取引と仕訳 > 貸倒引当金 [出題範囲ベース]
  📝 日商簿記検定3級 > 取引と仕訳 > 減価償却 [出題範囲ベース]
  📝 日商簿記検定3級 > 決算 > 決算整理仕訳 [出題範囲ベース]
  📝 日商簿記検定3級 > 決算 > 精算表作成 [出題範囲ベース]
  📝 日商簿記検定3級 > 決算 > 損益計算書 [出題範囲ベース]
  📝 日商簿記検定3級 > 決算 > 貸借対照表 [出題範囲ベース]
  📝 日商簿記検定3級 > 決算 > 繰越試算表 [出題範囲ベース]
  📜 登録販売者試験 > 医薬品に共通する特性と基本的な知識 > 医薬品概論 [law]
  📜 登録販売者試験 > 医薬品に共通する特性と基本的な知識 > 副作用 [law]
  📜 登録販売者試験 > 医薬品に共通する特性と基本的な知識 > 適正使用 [law]
  📜 登録販売者試験 > 医薬品に共通する特性と基本的な知識 > 薬害の歴史 [law]
  📜 登録販売者試験 > 人体の働きと医薬品 > 消化器系 [law]
  📜 登録販売者試験 > 人体の働きと医薬品 > 呼吸器系 [law]
  📜 登録販売者試験 > 人体の働きと医薬品 > 循環器系 [law]
  📜 登録販売者試験 > 人体の働きと医薬品 > 泌尿器系 [law]
  📜 登録販売者試験 > 人体の働きと医薬品 > 感覚器 [law]
  📜 登録販売者試験 > 人体の働きと医薬品 > 皮膚 [law]
  📜 登録販売者試験 > 人体の働きと医薬品 > 中枢神経系 [law]
  📜 登録販売者試験 > 主な医薬品とその作用 > かぜ薬 [law]
  📜 登録販売者試験 > 主な医薬品とその作用 > 解熱鎮痛薬 [law]
  📜 登録販売者試験 > 主な医薬品とその作用 > 胃腸薬 [law]
  📜 登録販売者試験 > 主な医薬品とその作用 > アレルギー用薬 [law]
  📜 登録販売者試験 > 主な医薬品とその作用 > 皮膚用薬 [law]
  📜 登録販売者試験 > 主な医薬品とその作用 > 点眼薬 [law]
  📜 登録販売者試験 > 主な医薬品とその作用 > 漢方薬 [law]
  📜 登録販売者試験 > 薬事関連法規・制度 > 医薬品医療機器等法 [law]
  📜 登録販売者試験 > 薬事関連法規・制度 > 販売業の許可 [law]
  📜 登録販売者試験 > 薬事関連法規・制度 > 販売制度 [law]
  📜 登録販売者試験 > 薬事関連法規・制度 > リスク区分 [law]
  📜 登録販売者試験 > 医薬品の適正使用・安全対策 > 添付文書の読み方 [law]
  📜 登録販売者試験 > 医薬品の適正使用・安全対策 > 副作用報告制度 [law]
  📜 登録販売者試験 > 医薬品の適正使用・安全対策 > 医薬品副作用被害救済制度 [law]
  📝 大学入試（小論文・志望理由書） > 小論文 > 社会問題 [出題範囲ベース]
  📝 大学入試（小論文・志望理由書） > 小論文 > 科学技術 [出題範囲ベース]
  📝 大学入試（小論文・志望理由書） > 小論文 > 教育 [出題範囲ベース]
  📝 大学入試（小論文・志望理由書） > 小論文 > 国際関係 [出題範囲ベース]
  📝 大学入試（小論文・志望理由書） > 志望理由書 > AO入試 [出題範囲ベース]
  📝 大学入試（小論文・志望理由書） > 志望理由書 > 推薦入試 [出題範囲ベース]
  📝 大学入試（小論文・志望理由書） > 志望理由書 > 総合型選抜 [出題範囲ベース]
  📝 大学入試（小論文・志望理由書） > 自己推薦書 > 活動実績 [出題範囲ベース]
  📝 大学入試（小論文・志望理由書） > 自己推薦書 > 将来ビジョン [出題範囲ベース]
  📝 大学レポート > 論証型レポート > 法学 [出題範囲ベース]
  📝 大学レポート > 論証型レポート > 経済学 [出題範囲ベース]
  📝 大学レポート > 論証型レポート > 社会学 [出題範囲ベース]
  📝 大学レポート > 実験レポート > 理工系 [出題範囲ベース]
  📝 大学レポート > 実験レポート > IMRAD構造 [出題範囲ベース]
  📝 大学レポート > 文献レビュー > 先行研究 [出題範囲ベース]
  📝 大学レポート > 文献レビュー > 批判的検討 [出題範囲ベース]
  📝 技術士 > 基礎科目 > 設計・計画 [出題範囲ベース]
  📝 技術士 > 基礎科目 > 情報・論理 [出題範囲ベース]
  📝 技術士 > 基礎科目 > 解析 [出題範囲ベース]
  📝 技術士 > 基礎科目 > 材料・化学・バイオ [出題範囲ベース]
  📝 技術士 > 基礎科目 > 環境・エネルギー [出題範囲ベース]
  📝 技術士 > 適性科目 > 技術者倫理 [出題範囲ベース]
  📝 技術士 > 適性科目 > 技術士法 [出題範囲ベース]
  📝 技術士 > 適性科目 > 公益確保 [出題範囲ベース]
  📝 技術士 > 適性科目 > 持続可能性 [出題範囲ベース]
  📝 技術士 > 専門科目 > 選択部門の専門知識 [出題範囲ベース]
  📝 技術士 > 論文試験 > 技術的体験論文 [出題範囲ベース]
  📝 技術士 > 論文試験 > 課題解決能力 [出題範囲ベース]
  📝 販売士（リテールマーケティング検定） > 小売業の類型 > 組織形態 [出題範囲ベース]
  📝 販売士（リテールマーケティング検定） > 小売業の類型 > チェーンストア [出題範囲ベース]
  📝 販売士（リテールマーケティング検定） > 小売業の類型 > 商業集積 [出題範囲ベース]
  📝 販売士（リテールマーケティング検定） > マーチャンダイジング > 商品計画 [出題範囲ベース]
  📝 販売士（リテールマーケティング検定） > マーチャンダイジング > 販売計画 [出題範囲ベース]
  📝 販売士（リテールマーケティング検定） > マーチャンダイジング > 在庫管理 [出題範囲ベース]
  📝 販売士（リテールマーケティング検定） > マーチャンダイジング > 価格設定 [出題範囲ベース]
  📝 販売士（リテールマーケティング検定） > ストアオペレーション > 店舗運営 [出題範囲ベース]
  📝 販売士（リテールマーケティング検定） > ストアオペレーション > 人的販売 [出題範囲ベース]
  📝 販売士（リテールマーケティング検定） > ストアオペレーション > ディスプレイ [出題範囲ベース]
  📝 販売士（リテールマーケティング検定） > マーケティング > 市場調査 [出題範囲ベース]
  📝 販売士（リテールマーケティング検定） > マーケティング > 販売促進 [出題範囲ベース]
  📝 販売士（リテールマーケティング検定） > マーケティング > 顧客管理 [出題範囲ベース]
  📝 販売士（リテールマーケティング検定） > 販売・経営管理 > 販売管理者の役割 [出題範囲ベース]
  📝 販売士（リテールマーケティング検定） > 販売・経営管理 > 従業員管理 [出題範囲ベース]
  📝 販売士（リテールマーケティング検定） > 販売・経営管理 > 経営分析 [出題範囲ベース]
  📜 危険物取扱者（乙種第4類） > 危険物に関する法令 > 消防法 [law]
  📜 危険物取扱者（乙種第4類） > 危険物に関する法令 > 指定数量 [law]
  📜 危険物取扱者（乙種第4類） > 危険物に関する法令 > 貯蔵・取扱 [law]
  📜 危険物取扱者（乙種第4類） > 危険物に関する法令 > 運搬・移送 [law]
  📜 危険物取扱者（乙種第4類） > 危険物に関する法令 > 設置許可 [law]
  📜 危険物取扱者（乙種第4類） > 基礎的な物理学及び基礎的な化学 > 物質の状態変化 [law]
  📜 危険物取扱者（乙種第4類） > 基礎的な物理学及び基礎的な化学 > 燃焼理論 [law]
  📜 危険物取扱者（乙種第4類） > 基礎的な物理学及び基礎的な化学 > 消火理論 [law]
  📜 危険物取扱者（乙種第4類） > 基礎的な物理学及び基礎的な化学 > 静電気 [law]
  📜 危険物取扱者（乙種第4類） > 危険物の性質並びにその火災予防及び消火の方法 > 第4類の性質 [law]
  📜 危険物取扱者（乙種第4類） > 危険物の性質並びにその火災予防及び消火の方法 > 引火点・発火点 [law]
  📜 危険物取扱者（乙種第4類） > 危険物の性質並びにその火災予防及び消火の方法 > 消火方法 [law]
  📝 メンタルヘルス・マネジメント検定 > メンタルヘルスケアの意義 > ストレス理論 [出題範囲ベース]
  📝 メンタルヘルス・マネジメント検定 > メンタルヘルスケアの意義 > メンタルヘルスの現状 [出題範囲ベース]
  📝 メンタルヘルス・マネジメント検定 > メンタルヘルスケアの意義 > 法的背景 [出題範囲ベース]
  📝 メンタルヘルス・マネジメント検定 > ストレスおよびメンタルヘルスに関する基礎知識 > ストレス要因 [出題範囲ベース]
  📝 メンタルヘルス・マネジメント検定 > ストレスおよびメンタルヘルスに関する基礎知識 > ストレス反応 [出題範囲ベース]
  📝 メンタルヘルス・マネジメント検定 > ストレスおよびメンタルヘルスに関する基礎知識 > うつ病 [出題範囲ベース]
  📝 メンタルヘルス・マネジメント検定 > ストレスおよびメンタルヘルスに関する基礎知識 > 適応障害 [出題範囲ベース]
  📝 メンタルヘルス・マネジメント検定 > セルフケア > ストレスへの気づき [出題範囲ベース]
  📝 メンタルヘルス・マネジメント検定 > セルフケア > リラクゼーション [出題範囲ベース]
  📝 メンタルヘルス・マネジメント検定 > セルフケア > 相談体制 [出題範囲ベース]
  📝 メンタルヘルス・マネジメント検定 > ラインケア > 部下の変化への気づき [出題範囲ベース]
  📝 メンタルヘルス・マネジメント検定 > ラインケア > 職場環境改善 [出題範囲ベース]
  📝 メンタルヘルス・マネジメント検定 > ラインケア > 復職支援 [出題範囲ベース]
  📜 建築士（二級） > 建築計画 > 住宅 [law]
  📜 建築士（二級） > 建築計画 > 公共建築 [law]
  📜 建築士（二級） > 建築計画 > 環境工学 [law]
  📜 建築士（二級） > 建築計画 > 建築史 [law]
  📜 建築士（二級） > 建築法規 > 建築基準法 [law]
  📜 建築士（二級） > 建築法規 > 都市計画法 [law]
  📜 建築士（二級） > 建築法規 > 消防法 [law]
  📜 建築士（二級） > 建築法規 > バリアフリー法 [law]
  📜 建築士（二級） > 建築構造 > 力学 [law]
  📜 建築士（二級） > 建築構造 > RC造 [law]
  📜 建築士（二級） > 建築構造 > 鉄骨造 [law]
  📜 建築士（二級） > 建築構造 > 木造 [law]
  📜 建築士（二級） > 建築構造 > 基礎構造 [law]
  📜 建築士（二級） > 建築施工 > 施工計画 [law]
  📜 建築士（二級） > 建築施工 > 各部工事 [law]
  📜 建築士（二級） > 建築施工 > 品質管理 [law]
  📜 建築士（二級） > 建築施工 > 安全管理 [law]
  📜 マンション管理士/管理業務主任者 > 区分所有法 > 共用部分 [law]
  📜 マンション管理士/管理業務主任者 > 区分所有法 > 管理組合 [law]
  📜 マンション管理士/管理業務主任者 > 区分所有法 > 規約 [law]
  📜 マンション管理士/管理業務主任者 > 区分所有法 > 集会 [law]
  📜 マンション管理士/管理業務主任者 > 区分所有法 > 建替え [law]
  📜 マンション管理士/管理業務主任者 > 民法・その他の法令 > 契約 [law]
  📜 マンション管理士/管理業務主任者 > 民法・その他の法令 > 不法行為 [law]
  📜 マンション管理士/管理業務主任者 > 民法・その他の法令 > 都市計画法 [law]
  📜 マンション管理士/管理業務主任者 > 民法・その他の法令 > 建築基準法 [law]
  📜 マンション管理士/管理業務主任者 > 管理実務 > 会計 [law]
  📜 マンション管理士/管理業務主任者 > 管理実務 > 長期修繕計画 [law]
  📜 マンション管理士/管理業務主任者 > 管理実務 > 委託契約 [law]
  📜 マンション管理士/管理業務主任者 > 管理実務 > 保険 [law]
  📜 マンション管理士/管理業務主任者 > 建築・設備 > RC構造 [law]
  📜 マンション管理士/管理業務主任者 > 建築・設備 > 給排水 [law]
  📜 マンション管理士/管理業務主任者 > 建築・設備 > 電気設備 [law]
  📜 マンション管理士/管理業務主任者 > 建築・設備 > 消防設備 [law]
  📜 賃貸不動産経営管理士 > 管理業務総論 > 賃貸住宅管理業法 [law]
  📜 賃貸不動産経営管理士 > 管理業務総論 > 登録制度 [law]
  📜 賃貸不動産経営管理士 > 管理業務総論 > 業務管理者 [law]
  📜 賃貸不動産経営管理士 > 賃貸借契約 > 借地借家法 [law]
  📜 賃貸不動産経営管理士 > 賃貸借契約 > 契約の成立 [law]
  📜 賃貸不動産経営管理士 > 賃貸借契約 > 更新 [law]
  📜 賃貸不動産経営管理士 > 賃貸借契約 > 解約 [law]
  📜 賃貸不動産経営管理士 > 賃貸借契約 > 原状回復 [law]
  📜 賃貸不動産経営管理士 > 管理実務 > 入居者管理 [law]
  📜 賃貸不動産経営管理士 > 管理実務 > 建物管理 [law]
  📜 賃貸不動産経営管理士 > 管理実務 > 設備管理 [law]
  📜 賃貸不動産経営管理士 > 管理実務 > 清掃 [law]
  📜 賃貸不動産経営管理士 > 賃貸経営 > 市場調査 [law]
  📜 賃貸不動産経営管理士 > 賃貸経営 > 企画提案 [law]
  📜 賃貸不動産経営管理士 > 賃貸経営 > 税金 [law]
  📜 賃貸不動産経営管理士 > 賃貸経営 > 保険 [law]
  📜 司法書士 > 民法 > 総則 [law]
  📜 司法書士 > 民法 > 物権 [law]
  📜 司法書士 > 民法 > 担保物権 [law]
  📜 司法書士 > 民法 > 債権 [law]
  📜 司法書士 > 民法 > 親族・相続 [law]
  📜 司法書士 > 不動産登記法 > 総論 [law]
  📜 司法書士 > 不動産登記法 > 所有権 [law]
  📜 司法書士 > 不動産登記法 > 抵当権 [law]
  📜 司法書士 > 不動産登記法 > 信託 [law]
  📜 司法書士 > 不動産登記法 > 区分建物 [law]
  📜 司法書士 > 商業登記法 > 株式会社 [law]
  📜 司法書士 > 商業登記法 > 設立 [law]
  📜 司法書士 > 商業登記法 > 役員変更 [law]
  📜 司法書士 > 商業登記法 > 組織再編 [law]
  📜 司法書士 > 会社法 > 設立 [law]
  📜 司法書士 > 会社法 > 機関 [law]
  📜 司法書士 > 会社法 > 株式 [law]
  📜 司法書士 > 会社法 > 計算 [law]
  📜 司法書士 > 会社法 > 解散 [law]
  📜 司法書士 > 憲法 > 人権 [law]
  📜 司法書士 > 憲法 > 統治機構 [law]
  📜 司法書士 > 刑法 > 総論 [law]
  📜 司法書士 > 刑法 > 各論 [law]
  📜 司法書士 > 民事訴訟法 > 訴訟要件 [law]
  📜 司法書士 > 民事訴訟法 > 判決効 [law]
  📜 司法書士 > 民事訴訟法 > 保全・執行 [law]
  📜 司法書士 > 供託法 > 弁済供託 [law]
  📜 司法書士 > 供託法 > 裁判上の供託 [law]
  📜 弁理士 > 特許法 > 特許要件 [law]
  📜 弁理士 > 特許法 > 出願 [law]
  📜 弁理士 > 特許法 > 審査 [law]
  📜 弁理士 > 特許法 > 審判 [law]
  📜 弁理士 > 特許法 > 侵害 [law]
  📜 弁理士 > 実用新案法 > 登録要件 [law]
  📜 弁理士 > 実用新案法 > 技術評価書 [law]
  📜 弁理士 > 実用新案法 > 特許法との比較 [law]
  📜 弁理士 > 意匠法 > 意匠登録要件 [law]
  📜 弁理士 > 意匠法 > 部分意匠 [law]
  📜 弁理士 > 意匠法 > 関連意匠 [law]
  📜 弁理士 > 商標法 > 登録要件 [law]
  📜 弁理士 > 商標法 > 商標の類似 [law]
  📜 弁理士 > 商標法 > 不使用取消審判 [law]
  📜 弁理士 > 条約 > パリ条約 [law]
  📜 弁理士 > 条約 > PCT [law]
  📜 弁理士 > 条約 > マドリッド協定 [law]
  📜 弁理士 > 不正競争防止法・著作権法 > 不正競争行為 [law]
  📜 弁理士 > 不正競争防止法・著作権法 > 著作物 [law]
  📜 弁理士 > 不正競争防止法・著作権法 > 著作者の権利 [law]
  📜 ビジネス実務法務検定試験 > 取引を行う主体 > 権利能力 [law]
  📜 ビジネス実務法務検定試験 > 取引を行う主体 > 意思能力 [law]
  📜 ビジネス実務法務検定試験 > 取引を行う主体 > 法人 [law]
  📜 ビジネス実務法務検定試験 > 取引を行う主体 > 代理 [law]
  📜 ビジネス実務法務検定試験 > 取引と契約 > 契約の成立 [law]
  📜 ビジネス実務法務検定試験 > 取引と契約 > 売買 [law]
  📜 ビジネス実務法務検定試験 > 取引と契約 > 請負 [law]
  📜 ビジネス実務法務検定試験 > 取引と契約 > 委任 [law]
  📜 ビジネス実務法務検定試験 > 取引と契約 > 債務不履行 [law]
  📜 ビジネス実務法務検定試験 > 債権の管理・回収 > 担保 [law]
  📜 ビジネス実務法務検定試験 > 債権の管理・回収 > 保証 [law]
  📜 ビジネス実務法務検定試験 > 債権の管理・回収 > 相殺 [law]
  📜 ビジネス実務法務検定試験 > 債権の管理・回収 > 時効 [law]
  📜 ビジネス実務法務検定試験 > 債権の管理・回収 > 倒産 [law]
  📜 ビジネス実務法務検定試験 > 企業活動と法規制 > 独占禁止法 [law]
  📜 ビジネス実務法務検定試験 > 企業活動と法規制 > 消費者保護法 [law]
  📜 ビジネス実務法務検定試験 > 企業活動と法規制 > 個人情報保護法 [law]
  📜 ビジネス実務法務検定試験 > 会社に関する法律 > 株主総会 [law]
  📜 ビジネス実務法務検定試験 > 会社に関する法律 > 取締役 [law]
  📜 ビジネス実務法務検定試験 > 会社に関する法律 > 計算書類 [law]
  📜 ビジネス実務法務検定試験 > 会社に関する法律 > 組織再編 [law]
  📜 ビジネス実務法務検定試験 > 企業と従業員の法律 > 労働契約 [law]
  📜 ビジネス実務法務検定試験 > 企業と従業員の法律 > 就業規則 [law]
  📜 ビジネス実務法務検定試験 > 企業と従業員の法律 > 解雇 [law]
  📜 ビジネス実務法務検定試験 > 企業と従業員の法律 > ハラスメント [law]
  📜 知的財産管理技能検定 > 特許・実用新案 > 出願 [law]
  📜 知的財産管理技能検定 > 特許・実用新案 > 権利化 [law]
  📜 知的財産管理技能検定 > 特許・実用新案 > 活用 [law]
  📜 知的財産管理技能検定 > 特許・実用新案 > 侵害対応 [law]
  📜 知的財産管理技能検定 > 意匠 > 出願 [law]
  📜 知的財産管理技能検定 > 意匠 > 登録要件 [law]
  📜 知的財産管理技能検定 > 意匠 > 権利範囲 [law]
  📜 知的財産管理技能検定 > 商標 > 出願 [law]
  📜 知的財産管理技能検定 > 商標 > 審査 [law]
  📜 知的財産管理技能検定 > 商標 > 使用権 [law]
  📜 知的財産管理技能検定 > 商標 > 類似判断 [law]
  📜 知的財産管理技能検定 > 著作権 > 著作物 [law]
  📜 知的財産管理技能検定 > 著作権 > 著作者 [law]
  📜 知的財産管理技能検定 > 著作権 > 利用許諾 [law]
  📜 知的財産管理技能検定 > 著作権 > 侵害 [law]
  📜 知的財産管理技能検定 > 不正競争防止・その他 > 営業秘密 [law]
  📜 知的財産管理技能検定 > 不正競争防止・その他 > 種苗法 [law]
  📜 知的財産管理技能検定 > 不正競争防止・その他 > ドメイン名 [law]
  📜 個人情報保護士 > 個人情報保護法の理解 > 定義 [law]
  📜 個人情報保護士 > 個人情報保護法の理解 > 取得 [law]
  📜 個人情報保護士 > 個人情報保護法の理解 > 利用 [law]
  📜 個人情報保護士 > 個人情報保護法の理解 > 提供 [law]
  📜 個人情報保護士 > 個人情報保護法の理解 > 開示請求 [law]
  📜 個人情報保護士 > 個人情報保護法の理解 > 罰則 [law]
  📜 個人情報保護士 > マイナンバー法 > 番号法の概要 [law]
  📜 個人情報保護士 > マイナンバー法 > 特定個人情報 [law]
  📜 個人情報保護士 > マイナンバー法 > 安全管理措置 [law]
  📜 個人情報保護士 > 個人情報保護の対策と情報セキュリティ > 組織的安全管理 [law]
  📜 個人情報保護士 > 個人情報保護の対策と情報セキュリティ > 技術的安全管理 [law]
  📜 個人情報保護士 > 個人情報保護の対策と情報セキュリティ > 物理的安全管理 [law]
  📜 情報セキュリティマネジメント試験 > 情報セキュリティ基礎 > 脅威 [law]
  📜 情報セキュリティマネジメント試験 > 情報セキュリティ基礎 > 脆弱性 [law]
  📜 情報セキュリティマネジメント試験 > 情報セキュリティ基礎 > 攻撃手法 [law]
  📜 情報セキュリティマネジメント試験 > 情報セキュリティ基礎 > 暗号化 [law]
  📜 情報セキュリティマネジメント試験 > 情報セキュリティ基礎 > 認証 [law]
  📜 情報セキュリティマネジメント試験 > 情報セキュリティ管理 > ISMS [law]
  📜 情報セキュリティマネジメント試験 > 情報セキュリティ管理 > リスクアセスメント [law]
  📜 情報セキュリティマネジメント試験 > 情報セキュリティ管理 > セキュリティポリシー [law]
  📜 情報セキュリティマネジメント試験 > 情報セキュリティ対策 > ファイアウォール [law]
  📜 情報セキュリティマネジメント試験 > 情報セキュリティ対策 > IDS/IPS [law]
  📜 情報セキュリティマネジメント試験 > 情報セキュリティ対策 > VPN [law]
  📜 情報セキュリティマネジメント試験 > 情報セキュリティ対策 > マルウェア対策 [law]
  📜 情報セキュリティマネジメント試験 > 法規 > 不正アクセス禁止法 [law]
  📜 情報セキュリティマネジメント試験 > 法規 > 個人情報保護法 [law]
  📜 情報セキュリティマネジメント試験 > 法規 > サイバーセキュリティ基本法 [law]
  📝 応用情報技術者試験 > 基礎理論 > 離散数学 [出題範囲ベース]
  📝 応用情報技術者試験 > 基礎理論 > アルゴリズム [出題範囲ベース]
  📝 応用情報技術者試験 > 基礎理論 > プログラミング [出題範囲ベース]
  📝 応用情報技術者試験 > コンピュータシステム > プロセッサ [出題範囲ベース]
  📝 応用情報技術者試験 > コンピュータシステム > メモリ [出題範囲ベース]
  📝 応用情報技術者試験 > コンピュータシステム > OS [出題範囲ベース]
  📝 応用情報技術者試験 > コンピュータシステム > ミドルウェア [出題範囲ベース]
  📝 応用情報技術者試験 > 技術要素 > データベース [出題範囲ベース]
  📝 応用情報技術者試験 > 技術要素 > ネットワーク [出題範囲ベース]
  📝 応用情報技術者試験 > 技術要素 > セキュリティ [出題範囲ベース]
  📝 応用情報技術者試験 > 開発技術 > 要件定義 [出題範囲ベース]
  📝 応用情報技術者試験 > 開発技術 > 設計 [出題範囲ベース]
  📝 応用情報技術者試験 > 開発技術 > テスト [出題範囲ベース]
  📝 応用情報技術者試験 > 開発技術 > プロジェクト管理 [出題範囲ベース]
  📝 応用情報技術者試験 > サービスマネジメント > ITIL [出題範囲ベース]
  📝 応用情報技術者試験 > サービスマネジメント > システム監査 [出題範囲ベース]
  📝 応用情報技術者試験 > サービスマネジメント > 内部統制 [出題範囲ベース]
  📝 応用情報技術者試験 > 経営戦略 > 企業戦略 [出題範囲ベース]
  📝 応用情報技術者試験 > 経営戦略 > IT戦略 [出題範囲ベース]
  📝 応用情報技術者試験 > 経営戦略 > ビジネスインダストリ [出題範囲ベース]
  📝 ITストラテジスト試験 > 経営戦略 > 事業戦略 [出題範囲ベース]
  📝 ITストラテジスト試験 > 経営戦略 > 競争戦略 [出題範囲ベース]
  📝 ITストラテジスト試験 > 経営戦略 > グローバル戦略 [出題範囲ベース]
  📝 ITストラテジスト試験 > IT戦略 > IT投資 [出題範囲ベース]
  📝 ITストラテジスト試験 > IT戦略 > IT組織 [出題範囲ベース]
  📝 ITストラテジスト試験 > IT戦略 > EA [出題範囲ベース]
  📝 ITストラテジスト試験 > IT戦略 > SOA [出題範囲ベース]
  📝 ITストラテジスト試験 > 事業企画 > ビジネスモデル [出題範囲ベース]
  📝 ITストラテジスト試験 > 事業企画 > マーケティング [出題範囲ベース]
  📝 ITストラテジスト試験 > 事業企画 > イノベーション [出題範囲ベース]
  📝 ITストラテジスト試験 > 論文 > IT戦略策定 [出題範囲ベース]
  📝 ITストラテジスト試験 > 論文 > 業務改革 [出題範囲ベース]
  📝 ITストラテジスト試験 > 論文 > システム化構想 [出題範囲ベース]
  📝 ネットワークスペシャリスト試験 > ネットワーク基礎 > OSI参照モデル [出題範囲ベース]
  📝 ネットワークスペシャリスト試験 > ネットワーク基礎 > TCP/IP [出題範囲ベース]
  📝 ネットワークスペシャリスト試験 > ネットワーク基礎 > ルーティング [出題範囲ベース]
  📝 ネットワークスペシャリスト試験 > ネットワーク基礎 > スイッチング [出題範囲ベース]
  📝 ネットワークスペシャリスト試験 > ネットワーク応用 > VLAN [出題範囲ベース]
  📝 ネットワークスペシャリスト試験 > ネットワーク応用 > VPN [出題範囲ベース]
  📝 ネットワークスペシャリスト試験 > ネットワーク応用 > 無線LAN [出題範囲ベース]
  📝 ネットワークスペシャリスト試験 > ネットワーク応用 > SDN [出題範囲ベース]
  📝 ネットワークスペシャリスト試験 > セキュリティ > ファイアウォール [出題範囲ベース]
  📝 ネットワークスペシャリスト試験 > セキュリティ > PKI [出題範囲ベース]
  📝 ネットワークスペシャリスト試験 > セキュリティ > IDS/IPS [出題範囲ベース]
  📝 ネットワークスペシャリスト試験 > セキュリティ > SSL/TLS [出題範囲ベース]
  📝 ネットワークスペシャリスト試験 > ネットワーク設計 > 冗長構成 [出題範囲ベース]
  📝 ネットワークスペシャリスト試験 > ネットワーク設計 > 負荷分散 [出題範囲ベース]
  📝 ネットワークスペシャリスト試験 > ネットワーク設計 > QoS [出題範囲ベース]
  📝 ネットワークスペシャリスト試験 > ネットワーク設計 > トラフィック分析 [出題範囲ベース]
  📝 データベーススペシャリスト試験 > データベース基礎 > 関係データモデル [出題範囲ベース]
  📝 データベーススペシャリスト試験 > データベース基礎 > 正規化 [出題範囲ベース]
  📝 データベーススペシャリスト試験 > データベース基礎 > ER図 [出題範囲ベース]
  📝 データベーススペシャリスト試験 > データベース基礎 > SQL [出題範囲ベース]
  📝 データベーススペシャリスト試験 > データベース設計 > 概念設計 [出題範囲ベース]
  📝 データベーススペシャリスト試験 > データベース設計 > 論理設計 [出題範囲ベース]
  📝 データベーススペシャリスト試験 > データベース設計 > 物理設計 [出題範囲ベース]
  📝 データベーススペシャリスト試験 > データベース設計 > パフォーマンス [出題範囲ベース]
  📝 データベーススペシャリスト試験 > データベース運用 > バックアップ [出題範囲ベース]
  📝 データベーススペシャリスト試験 > データベース運用 > 障害回復 [出題範囲ベース]
  📝 データベーススペシャリスト試験 > データベース運用 > 性能管理 [出題範囲ベース]
  📝 データベーススペシャリスト試験 > データベース運用 > セキュリティ [出題範囲ベース]
  📝 データベーススペシャリスト試験 > 応用 > NoSQL [出題範囲ベース]
  📝 データベーススペシャリスト試験 > 応用 > 分散DB [出題範囲ベース]
  📝 データベーススペシャリスト試験 > 応用 > データウェアハウス [出題範囲ベース]
  📝 データベーススペシャリスト試験 > 応用 > ビッグデータ [出題範囲ベース]
  📝 AWS認定試験 > クラウドの基礎 > リージョン [出題範囲ベース]
  📝 AWS認定試験 > クラウドの基礎 > AZ [出題範囲ベース]
  📝 AWS認定試験 > クラウドの基礎 > エッジロケーション [出題範囲ベース]
  📝 AWS認定試験 > クラウドの基礎 > 責任共有モデル [出題範囲ベース]
  📝 AWS認定試験 > コンピューティング > EC2 [出題範囲ベース]
  📝 AWS認定試験 > コンピューティング > Lambda [出題範囲ベース]
  📝 AWS認定試験 > コンピューティング > ECS [出題範囲ベース]
  📝 AWS認定試験 > コンピューティング > Fargate [出題範囲ベース]
  📝 AWS認定試験 > コンピューティング > Auto Scaling [出題範囲ベース]
  📝 AWS認定試験 > ストレージ > S3 [出題範囲ベース]
  📝 AWS認定試験 > ストレージ > EBS [出題範囲ベース]
  📝 AWS認定試験 > ストレージ > EFS [出題範囲ベース]
  📝 AWS認定試験 > ストレージ > Glacier [出題範囲ベース]
  📝 AWS認定試験 > ストレージ > Storage Gateway [出題範囲ベース]
  📝 AWS認定試験 > データベース > RDS [出題範囲ベース]
  📝 AWS認定試験 > データベース > DynamoDB [出題範囲ベース]
  📝 AWS認定試験 > データベース > ElastiCache [出題範囲ベース]
  📝 AWS認定試験 > データベース > Redshift [出題範囲ベース]
  📝 AWS認定試験 > データベース > Aurora [出題範囲ベース]
  📝 AWS認定試験 > ネットワーク > VPC [出題範囲ベース]
  📝 AWS認定試験 > ネットワーク > Route 53 [出題範囲ベース]
  📝 AWS認定試験 > ネットワーク > CloudFront [出題範囲ベース]
  📝 AWS認定試験 > ネットワーク > ELB [出題範囲ベース]
  📝 AWS認定試験 > ネットワーク > Direct Connect [出題範囲ベース]
  📝 AWS認定試験 > セキュリティ > IAM [出題範囲ベース]
  📝 AWS認定試験 > セキュリティ > KMS [出題範囲ベース]
  📝 AWS認定試験 > セキュリティ > WAF [出題範囲ベース]
  📝 AWS認定試験 > セキュリティ > Shield [出題範囲ベース]
  📝 AWS認定試験 > セキュリティ > GuardDuty [出題範囲ベース]
  📝 Python 3 エンジニア認定試験 > 基礎文法 > 変数・型 [出題範囲ベース]
  📝 Python 3 エンジニア認定試験 > 基礎文法 > 制御構文 [出題範囲ベース]
  📝 Python 3 エンジニア認定試験 > 基礎文法 > 関数 [出題範囲ベース]
  📝 Python 3 エンジニア認定試験 > 基礎文法 > クラス [出題範囲ベース]
  📝 Python 3 エンジニア認定試験 > 基礎文法 > 例外処理 [出題範囲ベース]
  📝 Python 3 エンジニア認定試験 > データ構造 > リスト [出題範囲ベース]
  📝 Python 3 エンジニア認定試験 > データ構造 > 辞書 [出題範囲ベース]
  📝 Python 3 エンジニア認定試験 > データ構造 > タプル [出題範囲ベース]
  📝 Python 3 エンジニア認定試験 > データ構造 > セット [出題範囲ベース]
  📝 Python 3 エンジニア認定試験 > データ構造 > 内包表記 [出題範囲ベース]
  📝 Python 3 エンジニア認定試験 > 標準ライブラリ > os [出題範囲ベース]
  📝 Python 3 エンジニア認定試験 > 標準ライブラリ > sys [出題範囲ベース]
  📝 Python 3 エンジニア認定試験 > 標準ライブラリ > re [出題範囲ベース]
  📝 Python 3 エンジニア認定試験 > 標準ライブラリ > datetime [出題範囲ベース]
  📝 Python 3 エンジニア認定試験 > 標準ライブラリ > json [出題範囲ベース]
  📝 Python 3 エンジニア認定試験 > 標準ライブラリ > collections [出題範囲ベース]
  📝 Python 3 エンジニア認定試験 > データ分析 > NumPy [出題範囲ベース]
  📝 Python 3 エンジニア認定試験 > データ分析 > pandas [出題範囲ベース]
  📝 Python 3 エンジニア認定試験 > データ分析 > matplotlib [出題範囲ベース]
  📝 Python 3 エンジニア認定試験 > データ分析 > scikit-learn [出題範囲ベース]
  📜 税理士 > 簿記論 > 仕訳 [law]
  📜 税理士 > 簿記論 > 決算整理 [law]
  📜 税理士 > 簿記論 > 本支店会計 [law]
  📜 税理士 > 簿記論 > 連結 [law]
  📜 税理士 > 簿記論 > 税効果 [law]
  📜 税理士 > 財務諸表論 > 会計理論 [law]
  📜 税理士 > 財務諸表論 > 概念フレームワーク [law]
  📜 税理士 > 財務諸表論 > 個別論点 [law]
  📜 税理士 > 財務諸表論 > 財務諸表作成 [law]
  📜 税理士 > 法人税法 > 所得計算 [law]
  📜 税理士 > 法人税法 > 益金 [law]
  📜 税理士 > 法人税法 > 損金 [law]
  📜 税理士 > 法人税法 > 税額計算 [law]
  📜 税理士 > 法人税法 > 申告 [law]
  📜 税理士 > 所得税法 > 各種所得 [law]
  📜 税理士 > 所得税法 > 損益通算 [law]
  📜 税理士 > 所得税法 > 所得控除 [law]
  📜 税理士 > 所得税法 > 税額控除 [law]
  📜 税理士 > 相続税法 > 相続税 [law]
  📜 税理士 > 相続税法 > 贈与税 [law]
  📜 税理士 > 相続税法 > 財産評価 [law]
  📜 税理士 > 相続税法 > 納税猶予 [law]
  📜 税理士 > 消費税法 > 課税取引 [law]
  📜 税理士 > 消費税法 > 仕入税額控除 [law]
  📜 税理士 > 消費税法 > 簡易課税 [law]
  📜 税理士 > 消費税法 > インボイス [law]
  📜 外務員（証券外務員） > 法令・諸規則 > 金融商品取引法 [law]
  📜 外務員（証券外務員） > 法令・諸規則 > 投資信託法 [law]
  📜 外務員（証券外務員） > 法令・諸規則 > 協会規則 [law]
  📜 外務員（証券外務員） > 法令・諸規則 > 取引所規則 [law]
  📜 外務員（証券外務員） > 商品業務 > 株式 [law]
  📜 外務員（証券外務員） > 商品業務 > 債券 [law]
  📜 外務員（証券外務員） > 商品業務 > 投資信託 [law]
  📜 外務員（証券外務員） > 商品業務 > デリバティブ [law]
  📜 外務員（証券外務員） > 商品業務 > 外国証券 [law]
  📜 外務員（証券外務員） > 関連科目 > 証券市場 [law]
  📜 外務員（証券外務員） > 関連科目 > 経済・金融 [law]
  📜 外務員（証券外務員） > 関連科目 > 財務諸表 [law]
  📜 外務員（証券外務員） > 関連科目 > 税金 [law]
  📜 貸金業務取扱主任者 > 貸金業法 > 登録制度 [law]
  📜 貸金業務取扱主任者 > 貸金業法 > 業務規制 [law]
  📜 貸金業務取扱主任者 > 貸金業法 > 取立規制 [law]
  📜 貸金業務取扱主任者 > 貸金業法 > 書面交付義務 [law]
  📜 貸金業務取扱主任者 > 関連法令 > 利息制限法 [law]
  📜 貸金業務取扱主任者 > 関連法令 > 出資法 [law]
  📜 貸金業務取扱主任者 > 関連法令 > 民法 [law]
  📜 貸金業務取扱主任者 > 関連法令 > 民事訴訟法 [law]
  📜 貸金業務取扱主任者 > 関連法令 > 倒産法 [law]
  📜 貸金業務取扱主任者 > 資金需要者の保護 > 過剰貸付防止 [law]
  📜 貸金業務取扱主任者 > 資金需要者の保護 > 個人信用情報 [law]
  📜 貸金業務取扱主任者 > 資金需要者の保護 > 総量規制 [law]
  📜 貸金業務取扱主任者 > 財務・会計 > 財務諸表 [law]
  📜 貸金業務取扱主任者 > 財務・会計 > 経営分析 [law]
  📜 貸金業務取扱主任者 > 財務・会計 > 会計処理 [law]
  📜 保育士 > 保育原理 > 保育所保育指針 [law]
  📜 保育士 > 保育原理 > 保育の歴史 [law]
  📜 保育士 > 保育原理 > 保育の目標 [law]
  📜 保育士 > 教育原理 > 教育の思想 [law]
  📜 保育士 > 教育原理 > 教育制度 [law]
  📜 保育士 > 教育原理 > 教育課程 [law]
  📜 保育士 > 社会福祉 > 社会福祉制度 [law]
  📜 保育士 > 社会福祉 > 児童福祉 [law]
  📜 保育士 > 社会福祉 > 相談援助 [law]
  📜 保育士 > 児童家庭福祉 > 児童福祉法 [law]
  📜 保育士 > 児童家庭福祉 > 子育て支援 [law]
  📜 保育士 > 児童家庭福祉 > 虐待防止 [law]
  📜 保育士 > 保育の心理学 > 発達心理学 [law]
  📜 保育士 > 保育の心理学 > 学習心理学 [law]
  📜 保育士 > 保育の心理学 > 臨床心理学 [law]
  📜 保育士 > 子どもの保健 > 発育・発達 [law]
  📜 保育士 > 子どもの保健 > 小児疾患 [law]
  📜 保育士 > 子どもの保健 > 感染症予防 [law]
  📜 保育士 > 子どもの保健 > 応急処置 [law]
  📜 保育士 > 子どもの食と栄養 > 栄養学基礎 [law]
  📜 保育士 > 子どもの食と栄養 > 食育 [law]
  📜 保育士 > 子どもの食と栄養 > アレルギー対応 [law]
  📜 保育士 > 子どもの食と栄養 > 離乳食 [law]
  📜 保育士 > 保育実習理論 > 音楽 [law]
  📜 保育士 > 保育実習理論 > 造形 [law]
  📜 保育士 > 保育実習理論 > 言語 [law]
  📜 保育士 > 保育実習理論 > 保育計画 [law]
  📝 TOEIC L&R TEST > リスニング > 写真描写 [出題範囲ベース]
  📝 TOEIC L&R TEST > リスニング > 応答問題 [出題範囲ベース]
  📝 TOEIC L&R TEST > リスニング > 会話問題 [出題範囲ベース]
  📝 TOEIC L&R TEST > リスニング > 説明文問題 [出題範囲ベース]
  📝 TOEIC L&R TEST > リーディング > 短文穴埋め [出題範囲ベース]
  📝 TOEIC L&R TEST > リーディング > 長文穴埋め [出題範囲ベース]
  📝 TOEIC L&R TEST > リーディング > 読解問題 [出題範囲ベース]
  📝 TOEIC L&R TEST > 文法 > 品詞 [出題範囲ベース]
  📝 TOEIC L&R TEST > 文法 > 時制 [出題範囲ベース]
  📝 TOEIC L&R TEST > 文法 > 態 [出題範囲ベース]
  📝 TOEIC L&R TEST > 文法 > 関係詞 [出題範囲ベース]
  📝 TOEIC L&R TEST > 文法 > 比較 [出題範囲ベース]
  📝 TOEIC L&R TEST > 文法 > 仮定法 [出題範囲ベース]
  📝 TOEIC L&R TEST > 語彙 > ビジネス語彙 [出題範囲ベース]
  📝 TOEIC L&R TEST > 語彙 > コロケーション [出題範囲ベース]
  📝 TOEIC L&R TEST > 語彙 > イディオム [出題範囲ベース]

========================================
📊 教材生成v2完了
  生成: 812
  スキップ: 0
  エラー: 0
  合計: 812
========================================

