
📚 教材生成開始: 42試験, 812トピック

  📝 司法試験予備試験 > 刑法 > 総論
  📝 司法試験予備試験 > 刑法 > 各論
  📝 司法試験予備試験 > 刑法 > 構成要件
  📝 司法試験予備試験 > 刑法 > 違法性・責任
  📝 司法試験予備試験 > 商法 > 会社法
  📝 司法試験予備試験 > 商法 > 商行為
  📝 司法試験予備試験 > 商法 > 手形・小切手
  📝 司法試験予備試験 > 民事訴訟法 > 訴訟要件
  📝 司法試験予備試験 > 民事訴訟法 > 証拠
  📝 司法試験予備試験 > 民事訴訟法 > 判決効
  📝 司法試験予備試験 > 刑事訴訟法 > 捜査
  📝 司法試験予備試験 > 刑事訴訟法 > 公訴
  📝 司法試験予備試験 > 刑事訴訟法 > 証拠法
  📝 司法試験予備試験 > 行政法 > 行政行為
  📝 司法試験予備試験 > 行政法 > 行政救済
  📝 司法試験予備試験 > 行政法 > 行政組織
  📝 司法試験予備試験 > 一般教養 > 人文科学
  📝 司法試験予備試験 > 一般教養 > 社会科学
  📝 司法試験予備試験 > 一般教養 > 自然科学
  ✅ 司法試験予備試験: 27トピック保存完了

  📝 司法試験 > 憲法 > 人権
  📝 司法試験 > 憲法 > 統治機構
  📝 司法試験 > 憲法 > 違憲審査基準
  📝 司法試験 > 民法 > 総則
  📝 司法試験 > 民法 > 物権
  📝 司法試験 > 民法 > 債権
  📝 司法試験 > 民法 > 親族・相続
  📝 司法試験 > 刑法 > 総論
  📝 司法試験 > 刑法 > 各論
  📝 司法試験 > 商法 > 会社法
  📝 司法試験 > 商法 > 商行為
  📝 司法試験 > 民事訴訟法 > 訴訟要件
  📝 司法試験 > 民事訴訟法 > 証拠
  📝 司法試験 > 民事訴訟法 > 判決効
  📝 司法試験 > 刑事訴訟法 > 捜査
  📝 司法試験 > 刑事訴訟法 > 公訴
  📝 司法試験 > 刑事訴訟法 > 証拠法
  📝 司法試験 > 行政法 > 行政行為
  📝 司法試験 > 行政法 > 行政救済
  📝 司法試験 > 選択科目 > 倒産法
  📝 司法試験 > 選択科目 > 租税法
  📝 司法試験 > 選択科目 > 経済法
  📝 司法試験 > 選択科目 > 知財法
